This file contains any messages produced by compilers while
running configure, to aid debugging if configure makes a mistake.

It was created by config1 configure 1,0, which was
generated by GNU Autoconf 2.69.  Invocation command line was

  $ ../configure 

## --------- ##
## Platform. ##
## --------- ##

hostname = niharika
uname -m = x86_64
uname -r = 5.15.0-139-generic
uname -s = Linux
uname -v = #149~20.04.1-Ubuntu SMP Wed Apr 16 08:29:56 UTC 2025

/usr/bin/uname -p = x86_64
/bin/uname -X     = unknown

/bin/arch              = x86_64
/usr/bin/arch -k       = unknown
/usr/convex/getsysinfo = unknown
/usr/bin/hostinfo      = unknown
/bin/machine           = unknown
/usr/bin/oslevel       = unknown
/bin/universe          = unknown

PATH: /usr/local/sbin
PATH: /usr/local/bin
PATH: /usr/sbin
PATH: /usr/bin
PATH: /sbin
PATH: /bin
PATH: /usr/games
PATH: /usr/local/games
PATH: /snap/bin


## ----------- ##
## Core tests. ##
## ----------- ##

configure:1839: checking for a BSD-compatible install
configure:1907: result: /usr/bin/install -c
configure:1918: checking whether build environment is sane
configure:1973: result: yes
configure:2122: checking for a thread-safe mkdir -p
configure:2161: result: /usr/bin/mkdir -p
configure:2168: checking for gawk
configure:2184: found /usr/bin/gawk
configure:2195: result: gawk
configure:2206: checking whether make sets $(MAKE)
configure:2228: result: yes
configure:2257: checking whether make supports nested variables
configure:2274: result: yes
configure:2449: checking for gcc
configure:2465: found /usr/bin/gcc
configure:2476: result: gcc
configure:2705: checking for C compiler version
configure:2714: gcc --version >&5
gcc (Ubuntu 9.4.0-1ubuntu1~20.04.2) 9.4.0
Copyright (C) 2019 Free Software Foundation, Inc.
This is free software; see the source for copying conditions.  There is NO
warranty; not even for MERCHANTABILITY or FITNESS FOR A PARTICULAR PURPOSE.

configure:2725: $? = 0
configure:2714: gcc -v >&5
Using built-in specs.
COLLECT_GCC=gcc
COLLECT_LTO_WRAPPER=/usr/lib/gcc/x86_64-linux-gnu/9/lto-wrapper
OFFLOAD_TARGET_NAMES=nvptx-none:hsa
OFFLOAD_TARGET_DEFAULT=1
Target: x86_64-linux-gnu
Configured with: ../src/configure -v --with-pkgversion='Ubuntu 9.4.0-1ubuntu1~20.04.2' --with-bugurl=file:///usr/share/doc/gcc-9/README.Bugs --enable-languages=c,ada,c++,go,brig,d,fortran,objc,obj-c++,gm2 --prefix=/usr --with-gcc-major-version-only --program-suffix=-9 --program-prefix=x86_64-linux-gnu- --enable-shared --enable-linker-build-id --libexecdir=/usr/lib --without-included-gettext --enable-threads=posix --libdir=/usr/lib --enable-nls --enable-clocale=gnu --enable-libstdcxx-debug --enable-libstdcxx-time=yes --with-default-libstdcxx-abi=new --enable-gnu-unique-object --disable-vtable-verify --enable-plugin --enable-default-pie --with-system-zlib --with-target-system-zlib=auto --enable-objc-gc=auto --enable-multiarch --disable-werror --with-arch-32=i686 --with-abi=m64 --with-multilib-list=m32,m64,mx32 --enable-multilib --with-tune=generic --enable-offload-targets=nvptx-none=/build/gcc-9-9QDOt0/gcc-9-9.4.0/debian/tmp-nvptx/usr,hsa --without-cuda-driver --enable-checking=release --build=x86_64-linux-gnu --host=x86_64-linux-gnu --target=x86_64-linux-gnu
Thread model: posix
gcc version 9.4.0 (Ubuntu 9.4.0-1ubuntu1~20.04.2) 
configure:2725: $? = 0
configure:2714: gcc -V >&5
gcc: error: unrecognized command line option '-V'
gcc: fatal error: no input files
compilation terminated.
configure:2725: $? = 1
configure:2714: gcc -qversion >&5
gcc: error: unrecognized command line option '-qversion'; did you mean '--version'?
gcc: fatal error: no input files
compilation terminated.
configure:2725: $? = 1
configure:2745: checking whether the C compiler works
configure:2767: gcc    conftest.c  >&5
configure:2771: $? = 0
configure:2819: result: yes
configure:2822: checking for C compiler default output file name
configure:2824: result: a.out
configure:2830: checking for suffix of executables
configure:2837: gcc -o conftest    conftest.c  >&5
configure:2841: $? = 0
configure:2863: result: 
configure:2885: checking whether we are cross compiling
configure:2893: gcc -o conftest    conftest.c  >&5
configure:2897: $? = 0
configure:2904: ./conftest
configure:2908: $? = 0
configure:2896: result: no
configure:2901: checking for suffix of object files
configure:2923: gcc -c   conftest.c >&5
configure:2927: $? = 0
configure:2948: result: o
configure:2952: checking whether we are using the GNU C compiler
configure:2971: gcc -c   conftest.c >&5
configure:2971: $? = 0
configure:2980: result: yes
configure:2989: checking whether gcc accepts -g
configure:3009: gcc -c -g  conftest.c >&5
configure:3009: $? = 0
configure:3050: result: yes
configure:3067: checking for gcc option to accept ISO C89
configure:3130: gcc  -c -g -O2  conftest.c >&5
configure:3130: $? = 0
configure:3143: result: none needed
configure:3168: checking whether gcc understands -c and -o together
configure:3190: gcc -c conftest.c -o conftest2.o
configure:3193: $? = 0
configure:3190: gcc -c conftest.c -o conftest2.o
configure:3193: $? = 0
configure:3205: result: yes
configure:3225: checking whether make supports the include directive
configure:3240: make -f confmf.GNU && cat confinc.out
this is the am__doit target
configure:3243: $? = 0
configure:3262: result: yes (GNU style)
configure:3287: checking dependency style of gcc
configure:3398: result: gcc3
configure:3464: checking for ar
configure:3480: found /usr/bin/ar
configure:3491: result: ar
configure:3517: checking the archiver (ar) interface
configure:3533: gcc -c -g -O2  conftest.c >&5
configure:3533: $? = 0
configure:3535: ar cru libconftest.a conftest.o >&5
ar: `u' modifier ignored since `D' is the default (see `U')
configure:3538: $? = 0
configure:3537: result: ar
configure:3600: checking for ranlib
configure:3616: found /usr/bin/ranlib
configure:3627: result: ranlib
configure:3789: checking that generated files are newer than configure
configure:3795: result: done
configure:3818: creating ./config.status

## ---------------------- ##
## Running config.status. ##
## ---------------------- ##

This file was extended by config1 config.status 1,0, which was
generated by GNU Autoconf 2.69.  Invocation command line was

  CONFIG_FILES    = 
  CONFIG_HEADERS  = 
  CONFIG_LINKS    = 
  CONFIG_COMMANDS = 
  $ ./config.status 

on niharika

config.status:774: creating Makefile
config.status:774: creating src/Makefile
config.status:774: creating test/Makefile
config.status:931: executing depfiles commands
config.status:1008: cd src       && sed -e '/# am--include-marker/d' Makefile         | make -f - am--depfiles
config.status:1013: $? = 0
config.status:1008: cd test       && sed -e '/# am--include-marker/d' Makefile         | make -f - am--depfiles
config.status:1013: $? = 0

## ---------------- ##
## Cache variables. ##
## ---------------- ##

ac_cv_c_compiler_gnu=yes
ac_cv_env_CC_set=
ac_cv_env_CC_value=
ac_cv_env_CFLAGS_set=
ac_cv_env_CFLAGS_value=
ac_cv_env_CPPFLAGS_set=
ac_cv_env_CPPFLAGS_value=
ac_cv_env_LDFLAGS_set=
ac_cv_env_LDFLAGS_value=
ac_cv_env_LIBS_set=
ac_cv_env_LIBS_value=
ac_cv_env_build_alias_set=
ac_cv_env_build_alias_value=
ac_cv_env_host_alias_set=
ac_cv_env_host_alias_value=
ac_cv_env_target_alias_set=
ac_cv_env_target_alias_value=
ac_cv_objext=o
ac_cv_path_install='/usr/bin/install -c'
ac_cv_path_mkdir=/usr/bin/mkdir
ac_cv_prog_AWK=gawk
ac_cv_prog_ac_ct_AR=ar
ac_cv_prog_ac_ct_CC=gcc
ac_cv_prog_ac_ct_RANLIB=ranlib
ac_cv_prog_cc_c89=
ac_cv_prog_cc_g=yes
ac_cv_prog_make_make_set=yes
am_cv_CC_dependencies_compiler_type=gcc3
am_cv_ar_interface=ar
am_cv_make_support_nested_variables=yes
am_cv_prog_cc_c_o=yes

## ----------------- ##
## Output variables. ##
## ----------------- ##

ACLOCAL='${SHELL} /home/niharika/kniharika-practise/cpractise/congig_practice/config1/missing aclocal-1.16'
AMDEPBACKSLASH='\'
AMDEP_FALSE='#'
AMDEP_TRUE=''
AMTAR='$${TAR-tar}'
AM_BACKSLASH='\'
AM_DEFAULT_V='$(AM_DEFAULT_VERBOSITY)'
AM_DEFAULT_VERBOSITY='1'
AM_V='$(V)'
AR='ar'
AUTOCONF='${SHELL} /home/niharika/kniharika-practise/cpractise/congig_practice/config1/missing autoconf'
AUTOHEADER='${SHELL} /home/niharika/kniharika-practise/cpractise/congig_practice/config1/missing autoheader'
AUTOMAKE='${SHELL} /home/niharika/kniharika-practise/cpractise/congig_practice/config1/missing automake-1.16'
AWK='gawk'
CC='gcc'
CCDEPMODE='depmode=gcc3'
CFLAGS='-g -O2'
CPPFLAGS=''
CYGPATH_W='echo'
DEFS='-DPACKAGE_NAME=\"config1\" -DPACKAGE_TARNAME=\"config1\" -DPACKAGE_VERSION=\"1,0\" -DPACKAGE_STRING=\"config1\ 1,0\" -DPACKAGE_BUGREPORT=\"\" -DPACKAGE_URL=\"\" -DPACKAGE=\"config1\" -DVERSION=\"1,0\"'
DEPDIR='.deps'
ECHO_C=''
ECHO_N='-n'
ECHO_T=''
EXEEXT=''
INSTALL_DATA='${INSTALL} -m 644'
INSTALL_PROGRAM='${INSTALL}'
INSTALL_SCRIPT='${INSTALL}'
INSTALL_STRIP_PROGRAM='$(install_sh) -c -s'
LDFLAGS=''
LIBOBJS=''
LIBS=''
LTLIBOBJS=''
MAKEINFO='${SHELL} /home/niharika/kniharika-practise/cpractise/congig_practice/config1/missing makeinfo'
MKDIR_P='/usr/bin/mkdir -p'
OBJEXT='o'
PACKAGE='config1'
PACKAGE_BUGREPORT=''
PACKAGE_NAME='config1'
PACKAGE_STRING='config1 1,0'
PACKAGE_TARNAME='config1'
PACKAGE_URL=''
PACKAGE_VERSION='1,0'
PATH_SEPARATOR=':'
RANLIB='ranlib'
SET_MAKE=''
SHELL='/bin/bash'
STRIP=''
VERSION='1,0'
ac_ct_AR='ar'
ac_ct_CC='gcc'
am__EXEEXT_FALSE=''
am__EXEEXT_TRUE='#'
am__fastdepCC_FALSE='#'
am__fastdepCC_TRUE=''
am__include='include'
am__isrc=' -I$(srcdir)'
am__leading_dot='.'
am__nodep='_no'
am__quote=''
am__tar='$${TAR-tar} chof - "$$tardir"'
am__untar='$${TAR-tar} xf -'
bindir='${exec_prefix}/bin'
build_alias=''
datadir='${datarootdir}'
datarootdir='${prefix}/share'
docdir='${datarootdir}/doc/${PACKAGE_TARNAME}'
dvidir='${docdir}'
exec_prefix='${prefix}'
host_alias=''
htmldir='${docdir}'
includedir='${prefix}/include'
infodir='${datarootdir}/info'
install_sh='${SHELL} /home/niharika/kniharika-practise/cpractise/congig_practice/config1/install-sh'
libdir='${exec_prefix}/lib'
libexecdir='${exec_prefix}/libexec'
localedir='${datarootdir}/locale'
localstatedir='${prefix}/var'
mandir='${datarootdir}/man'
mkdir_p='$(MKDIR_P)'
oldincludedir='/usr/include'
pdfdir='${docdir}'
prefix='/usr/local'
program_transform_name='s,x,x,'
psdir='${docdir}'
runstatedir='${localstatedir}/run'
sbindir='${exec_prefix}/sbin'
sharedstatedir='${prefix}/com'
sysconfdir='${prefix}/etc'
target_alias=''

## ----------- ##
## confdefs.h. ##
## ----------- ##

/* confdefs.h */
#define PACKAGE_NAME "config1"
#define PACKAGE_TARNAME "config1"
#define PACKAGE_VERSION "1,0"
#define PACKAGE_STRING "config1 1,0"
#define PACKAGE_BUGREPORT ""
#define PACKAGE_URL ""
#define PACKAGE "config1"
#define VERSION "1,0"

configure: exit 0
